#
# A fatal error has been detected by the Java Runtime Environment:
#
#  EXCEPTION_ACCESS_VIOLATION (0xc0000005) at pc=0x00007ffc6576d6d8, pid=23416, tid=23780
#
# JRE version: Java(TM) SE Runtime Environment (21.0.7+8) (build 21.0.7+8-LTS-245)
# Java VM: Java HotSpot(TM) 64-Bit Server VM (21.0.7+8-LTS-245, mixed mode, sharing, tiered, compressed oops, compressed class ptrs, parallel gc, windows-amd64)
# Problematic frame:
# V  [jvm.dll+0x13d6d8]
#
# No core dump will be written. Minidumps are not enabled by default on client versions of Windows
#
# If you would like to submit a bug report, please visit:
#   https://bugreport.java.com/bugreport/crash.jsp
#

---------------  S U M M A R Y ------------

Command Line: --add-modules=ALL-SYSTEM --add-opens=java.base/java.util=ALL-UNNAMED --add-opens=java.base/java.lang=ALL-UNNAMED --add-opens=java.base/sun.nio.fs=ALL-UNNAMED -Declipse.application=org.eclipse.jdt.ls.core.id1 -Dosgi.bundles.defaultStartLevel=4 -Declipse.product=org.eclipse.jdt.ls.core.product -Djava.import.generatesMetadataFilesAtProjectRoot=false -DDetectVMInstallationsJob.disabled=true -Dfile.encoding=utf8 -XX:+UseParallelGC -XX:GCTimeRatio=4 -XX:AdaptiveSizePolicyWeight=90 -Dsun.zip.disableMemoryMapping=true -Xmx2G -Xms100m -Xlog:disable -javaagent:c:\Users\User\.vscode\extensions\redhat.java-1.46.0-win32-x64\lombok\lombok-1.18.39-4050.jar -XX:+HeapDumpOnOutOfMemoryError -XX:HeapDumpPath=c:\Users\User\AppData\Roaming\Code\User\workspaceStorage\c5b6bbad9deb43bc9591b67d66ee65fe\redhat.java -Daether.dependencyCollector.impl=bf c:\Users\User\.vscode\extensions\redhat.java-1.46.0-win32-x64\server\plugins\org.eclipse.equinox.launcher_1.7.0.v20250519-0528.jar -configuration c:\Users\User\AppData\Roaming\Code\User\globalStorage\redhat.java\1.46.0\config_win -data c:\Users\User\AppData\Roaming\Code\User\workspaceStorage\c5b6bbad9deb43bc9591b67d66ee65fe\redhat.java\jdt_ws --pipe=\\.\pipe\lsp-2a2366cc7a9f45971055bdcf17bdd7ba-sock

Host: 13th Gen Intel(R) Core(TM) i5-13450HX, 16 cores, 23G,  Windows 11 , 64 bit Build 26100 (10.0.26100.6725)
Time: Thu Oct 16 11:06:12 2025 Hora oficial do Brasil elapsed time: 1241.081961 seconds (0d 0h 20m 41s)

---------------  T H R E A D  ---------------

Current thread (0x00000182d8611aa0):  WorkerThread "GC Thread#6"    [id=23780, stack(0x0000003caaa00000,0x0000003caab00000) (1024K)]

Stack: [0x0000003caaa00000,0x0000003caab00000],  sp=0x0000003caaaff5f8,  free space=1021k
Native frames: (J=compiled Java code, j=interpreted, Vv=VM code, C=native code)
V  [jvm.dll+0x13d6d8]


siginfo: EXCEPTION_ACCESS_VIOLATION (0xc0000005), reading address 0x0000018353002a10


Registers:
RAX=0x0000000000000001, RBX=0x000000008189dce8, RCX=0x0000000000000000, RDX=0x000000008189dce8
RSP=0x0000003caaaff5f8, RBP=0x0000003caaaff6e0, RSI=0x000000008189dce4, RDI=0x00000182f3ebd830
R8 =0x0000018353002a08, R9 =0x0000000000000002, R10=0x0000000000000051, R11=0x0000000000000004
R12=0x00007ffc661fba10, R13=0x0000003caaaff888, R14=0x000001829458f030, R15=0x000000008189dcd0
RIP=0x00007ffc6576d6d8, EFLAGS=0x0000000000010202


Register to memory mapping:

RAX=0x0000000000000001 is an unknown value
RBX=
[error occurred during error reporting (printing register info), id 0xc0000005, EXCEPTION_ACCESS_VIOLATION (0xc0000005) at pc=0x00007ffc65d09786]
RCX=0x0 is null
RDX=
[error occurred during error reporting (printing register info, attempt 2), id 0xc0000005, EXCEPTION_ACCESS_VIOLATION (0xc0000005) at pc=0x00007ffc65d09786]
RSP=0x0000003caaaff5f8 points into unknown readable memory: 0x00007ffc65d073ce | ce 73 d0 65 fc 7f 00 00
RBP=0x0000003caaaff6e0 points into unknown readable memory: 0x00007ffc66066d58 | 58 6d 06 66 fc 7f 00 00
RSI=0x000000008189dce4 is pointing into object: jdk.internal.jimage.ImageLocation 
{0x000000008189dcd0} - klass: 'jdk/internal/jimage/ImageLocation'
 - ---- fields (total size 3 words):
 - protected final 'attributes' '[J' @12  
[error occurred during error reporting (printing register info, attempt 3), id 0xc0000005, EXCEPTION_ACCESS_VIOLATION (0xc0000005) at pc=0x00007ffc65ce6850]
Top of Stack: (sp=0x0000003caaaff5f8)
0x0000003caaaff5f8:   00007ffc65d073ce 000000008189dcd0
0x0000003caaaff608:   00000182f3ebd830 0000003caaaff6e0
0x0000003caaaff618:   00007ffc65d063c9 000000008189dce8
0x0000003caaaff628:   00007ffc65d04bb6 00000182d8f89d68
0x0000003caaaff638:   00007ffc65d074aa 000000008188ea00
0x0000003caaaff648:   000000008188e9f0 000001829458f028
0x0000003caaaff658:   00007ffc65d0546e 000000008189dcdc
0x0000003caaaff668:   00007ffc65d2f518 0000003caaaff6e0
0x0000003caaaff678:   00007ffc661fba10 00007ffc66066d58
0x0000003caaaff688:   0000000000000000 000000008189dcd0
0x0000003caaaff698:   00007ffc65d2ffe3 0000000000015d53
0x0000003caaaff6a8:   00000182f3ebd830 00007ffc65fc6da0
0x0000003caaaff6b8:   0000000000000000 0000000000000000
0x0000003caaaff6c8:   0000000000000000 0000000000000000
0x0000003caaaff6d8:   0000000000000000 00007ffc66066d58
0x0000003caaaff6e8:   00000182f3fe98c0 0000000000000004
0x0000003caaaff6f8:   00000182f3ebd830 00000182daf4f430
0x0000003caaaff708:   00000182fe37a7b8 00000000000003d8
0x0000003caaaff718:   0000000000000000 00000182fe37a3d0
0x0000003caaaff728:   00007ffc65d2f6d8 00000182daf4f430
0x0000003caaaff738:   0000003caaaff7b0 00000182d8611120
0x0000003caaaff748:   00000182f3ebd830 0000003caaaff7a0
0x0000003caaaff758:   0000003caaaff7b0 0000000000000000
0x0000003caaaff768:   0000000000000000 00000182fe37a3e0
0x0000003caaaff778:   00007ffc65d33b6d 00000182f3ebd830
0x0000003caaaff788:   00000182fe37a3d0 00000182d8611120
0x0000003caaaff798:   00000182f3ebd830 00007ffc660675d0
0x0000003caaaff7a8:   00000182f3ebd830 00007ffc66005708
0x0000003caaaff7b8:   0000003caaaff7a0 0000000000000000
0x0000003caaaff7c8:   00007ffc65d3b201 0000000000000001
0x0000003caaaff7d8:   00000182daf4f430 0000003ca95fea40
0x0000003caaaff7e8:   00000182f3ebd830 00000182d8cf36c0 

Instructions: (pc=0x00007ffc6576d6d8)
0x00007ffc6576d5d8:   c0 74 ac 48 8b 5c 24 30 48 8b 74 24 38 48 83 c4
0x00007ffc6576d5e8:   20 5f c3 cc cc cc cc cc 48 89 5c 24 08 57 48 83
0x00007ffc6576d5f8:   ec 20 0f b6 05 b9 0f a8 00 48 8b fa 48 8b d9 84
0x00007ffc6576d608:   c0 74 16 44 8b 41 08 8b 0d 73 f9 a7 00 49 d3 e0
0x00007ffc6576d618:   4c 03 05 61 f9 a7 00 eb 04 4c 8b 41 08 45 8b 48
0x00007ffc6576d628:   08 45 85 c9 7e 0f 41 f6 c1 01 75 53 41 c1 f9 03
0x00007ffc6576d638:   49 63 c9 eb 5c 79 48 84 c0 ba 0c 00 00 00 8b 05
0x00007ffc6576d648:   8c 0a a8 00 b9 10 00 00 00 0f 45 ca ff c8 4c 63
0x00007ffc6576d658:   c0 41 8b c1 48 c1 f8 10 48 63 14 19 41 8b c9 83
0x00007ffc6576d668:   e1 3f 48 d3 e2 0f b6 c8 49 8d 04 10 49 f7 d0 48
0x00007ffc6576d678:   03 c8 49 c1 e8 03 48 c1 e9 03 49 23 c8 eb 12 49
0x00007ffc6576d688:   8b 00 48 8b d3 49 8b c8 ff 90 00 01 00 00 48 8b
0x00007ffc6576d698:   c8 48 89 1f 48 8b c7 48 8b 5c 24 30 48 89 4f 08
0x00007ffc6576d6a8:   48 83 c4 20 5f c3 cc cc 0f b6 05 03 0f a8 00 48
0x00007ffc6576d6b8:   8b d1 84 c0 74 16 44 8b 41 08 8b 0d c0 f8 a7 00
0x00007ffc6576d6c8:   49 d3 e0 4c 03 05 ae f8 a7 00 eb 04 4c 8b 41 08
0x00007ffc6576d6d8:   45 8b 48 08 45 85 c9 7e 0e 41 f6 c1 01 75 53 41
0x00007ffc6576d6e8:   c1 f9 03 49 63 c1 c3 79 49 84 c0 41 b8 0c 00 00
0x00007ffc6576d6f8:   00 8b 05 d9 09 a8 00 b9 10 00 00 00 41 0f 45 c8
0x00007ffc6576d708:   ff c8 4c 63 c0 41 8b c1 48 c1 f8 10 0f b6 c0 48
0x00007ffc6576d718:   63 14 11 41 8b c9 83 e1 3f 48 d3 e2 49 8d 0c 10
0x00007ffc6576d728:   49 f7 d0 48 03 c1 49 c1 e8 03 48 c1 e8 03 49 23
0x00007ffc6576d738:   c0 c3 49 8b 00 49 8b c8 48 ff a0 00 01 00 00 cc
0x00007ffc6576d748:   cc cc cc cc cc cc cc cc 4c 8b c2 48 8b d1 45 8b
0x00007ffc6576d758:   48 08 45 85 c9 7e 0e 41 f6 c1 01 75 56 41 c1 f9
0x00007ffc6576d768:   03 49 63 c1 c3 79 4c 80 3d 44 0e a8 00 00 b8 0c
0x00007ffc6576d778:   00 00 00 b9 10 00 00 00 0f 45 c8 8b 05 4f 09 a8
0x00007ffc6576d788:   00 ff c8 4c 63 c0 41 8b c1 48 c1 f8 10 48 63 14
0x00007ffc6576d798:   11 41 8b c9 83 e1 3f 0f b6 c0 48 d3 e2 49 8d 0c
0x00007ffc6576d7a8:   10 49 f7 d0 48 03 c1 49 c1 e8 03 48 c1 e8 03 49
0x00007ffc6576d7b8:   23 c0 c3 49 8b 00 49 8b c8 48 ff a0 00 01 00 00
0x00007ffc6576d7c8:   cc cc cc cc cc cc cc cc 48 83 ec 28 ba 37 00 00 


Stack slot to memory mapping:

stack at sp + 0 slots: 0x00007ffc65d073ce jvm.dll
stack at sp + 1 slots: 0x000000008189dcd0 is an oop: jdk.internal.jimage.ImageLocation 
{0x000000008189dcd0} - klass: 'jdk/internal/jimage/ImageLocation'
 - ---- fields (total size 3 words):
 - protected final 'attributes' '[J' @12  
[error occurred during error reporting (inspecting top of stack), id 0xc0000005, EXCEPTION_ACCESS_VIOLATION (0xc0000005) at pc=0x00007ffc65ce6850]
stack at sp + 2 slots: 0x00000182f3ebd830 points into unknown readable memory: 0x00000182f40a6670 | 70 66 0a f4 82 01 00 00
stack at sp + 3 slots: 0x0000003caaaff6e0 points into unknown readable memory: 0x00007ffc66066d58 | 58 6d 06 66 fc 7f 00 00
stack at sp + 4 slots: 0x00007ffc65d063c9 jvm.dll
stack at sp + 5 slots: 
[error occurred during error reporting (inspecting top of stack, attempt 2), id 0xc0000005, EXCEPTION_ACCESS_VIOLATION (0xc0000005) at pc=0x00007ffc65d09786]
stack at sp + 6 slots: 0x00007ffc65d04bb6 jvm.dll
stack at sp + 7 slots: 0x00000182d8f89d68 points into unknown readable memory: 0x00000000816ad118 | 18 d1 6a 81 00 00 00 00


---------------  P R O C E S S  ---------------

Threads class SMR info:
_java_thread_list=0x00000182fe4da3d0, length=84, elements={
0x00000182f3fe8700, 0x00000182f3f97f50, 0x00000182f3f9c730, 0x00000182fe214430,
0x00000182fe215540, 0x00000182fe225b50, 0x00000182fe22f1c0, 0x00000182fe2323b0,
0x00000182fe237d00, 0x00000182fe22f850, 0x00000182fe22e4a0, 0x00000182d88606c0,
0x00000182d885f310, 0x00000182d8864860, 0x00000182d8864ef0, 0x00000182d8861a70,
0x00000182d8865580, 0x00000182d88662a0, 0x00000182d8865c10, 0x00000182d8fd7030,
0x00000182d8fd83e0, 0x00000182d8fd8a70, 0x00000182d8fd55f0, 0x00000182d8fd9100,
0x00000182d8fd5c80, 0x00000182d8fd9790, 0x00000182d8fdb860, 0x00000182d8fdbef0,
0x00000182d8fd9e20, 0x00000182d8fdab40, 0x00000182d8fdc580, 0x00000182d8fdb1d0,
0x00000182d8fda4b0, 0x00000182d8fdcc10, 0x00000182daf4eda0, 0x00000182daf4e080,
0x00000182daf51b90, 0x00000182daf4f430, 0x00000182daf51500, 0x00000182daf50150,
0x00000182daf4fac0, 0x00000182daf50e70, 0x00000182daf4e710, 0x00000182daf53c60,
0x00000182daf52220, 0x00000182daf528b0, 0x00000182daf542f0, 0x00000182daf54980,
0x00000182daf52f40, 0x00000182daf535d0, 0x00000182daf55010, 0x00000182de0dd2f0,
0x00000182de0dcc60, 0x00000182e857a9b0, 0x00000182e857e4c0, 0x00000182d88613e0,
0x00000182d8860030, 0x00000182de0e21b0, 0x00000182d9512960, 0x00000182d9513680,
0x00000182d95115b0, 0x00000182d9510f20, 0x00000182d9511c40, 0x00000182d9516470,
0x00000182d9515750, 0x00000182d9515de0, 0x00000182d9514a30, 0x00000182e857c3f0,
0x00000182e8579c90, 0x00000182e857a320, 0x00000182e857de30, 0x00000182d885f9a0,
0x00000182d8862790, 0x00000182de0dfa50, 0x00000182de0e0770, 0x00000182de0ded30,
0x00000182de0e2840, 0x00000182de0e2ed0, 0x00000182de0e3bf0, 0x00000182de0e0e00,
0x00000182d95150c0, 0x00000182d95122d0, 0x00000182d9512ff0, 0x00000182d9516b00
}

Java Threads: ( => current thread )
  0x00000182f3fe8700 JavaThread "main"                              [_thread_blocked, id=9476, stack(0x0000003ca9200000,0x0000003ca9300000) (1024K)]
  0x00000182f3f97f50 JavaThread "Reference Handler"          daemon [_thread_blocked, id=3016, stack(0x0000003ca9600000,0x0000003ca9700000) (1024K)]
  0x00000182f3f9c730 JavaThread "Finalizer"                  daemon [_thread_blocked, id=21020, stack(0x0000003ca9700000,0x0000003ca9800000) (1024K)]
  0x00000182fe214430 JavaThread "Signal Dispatcher"          daemon [_thread_blocked, id=29088, stack(0x0000003ca9800000,0x0000003ca9900000) (1024K)]
  0x00000182fe215540 JavaThread "Attach Listener"            daemon [_thread_blocked, id=24436, stack(0x0000003ca9900000,0x0000003ca9a00000) (1024K)]
  0x00000182fe225b50 JavaThread "Service Thread"             daemon [_thread_blocked, id=30400, stack(0x0000003ca9a00000,0x0000003ca9b00000) (1024K)]
  0x00000182fe22f1c0 JavaThread "Monitor Deflation Thread"   daemon [_thread_blocked, id=19752, stack(0x0000003ca9b00000,0x0000003ca9c00000) (1024K)]
  0x00000182fe2323b0 JavaThread "C2 CompilerThread0"         daemon [_thread_blocked, id=12732, stack(0x0000003ca9c00000,0x0000003ca9d00000) (1024K)]
  0x00000182fe237d00 JavaThread "C1 CompilerThread0"         daemon [_thread_blocked, id=29532, stack(0x0000003ca9d00000,0x0000003ca9e00000) (1024K)]
  0x00000182fe22f850 JavaThread "Common-Cleaner"             daemon [_thread_blocked, id=5840, stack(0x0000003ca9e00000,0x0000003ca9f00000) (1024K)]
  0x00000182fe22e4a0 JavaThread "Notification Thread"        daemon [_thread_blocked, id=4740, stack(0x0000003caa300000,0x0000003caa400000) (1024K)]
  0x00000182d88606c0 JavaThread "Active Thread: Equinox Container: 5b5408af-d63d-4f90-947e-3e0ccd99fc08"        [_thread_blocked, id=21596, stack(0x0000003cab300000,0x0000003cab400000) (1024K)]
  0x00000182d885f310 JavaThread "Refresh Thread: Equinox Container: 5b5408af-d63d-4f90-947e-3e0ccd99fc08" daemon [_thread_blocked, id=5280, stack(0x0000003cab400000,0x0000003cab500000) (1024K)]
  0x00000182d8864860 JavaThread "Framework Event Dispatcher: Equinox Container: 5b5408af-d63d-4f90-947e-3e0ccd99fc08" daemon [_thread_blocked, id=12096, stack(0x0000003cac000000,0x0000003cac100000) (1024K)]
  0x00000182d8864ef0 JavaThread "Start Level: Equinox Container: 5b5408af-d63d-4f90-947e-3e0ccd99fc08" daemon [_thread_blocked, id=22272, stack(0x0000003cac100000,0x0000003cac200000) (1024K)]
  0x00000182d8861a70 JavaThread "Bundle File Closer"         daemon [_thread_blocked, id=11688, stack(0x0000003cac400000,0x0000003cac500000) (1024K)]
  0x00000182d8865580 JavaThread "SCR Component Actor"        daemon [_thread_blocked, id=28972, stack(0x0000003cac500000,0x0000003cac600000) (1024K)]
  0x00000182d88662a0 JavaThread "Worker-JM"                         [_thread_blocked, id=17904, stack(0x0000003cac700000,0x0000003cac800000) (1024K)]
  0x00000182d8865c10 JavaThread "JNA Cleaner"                daemon [_thread_blocked, id=13048, stack(0x0000003cac800000,0x0000003cac900000) (1024K)]
  0x00000182d8fd7030 JavaThread "Java indexing"              daemon [_thread_blocked, id=30068, stack(0x0000003cacb00000,0x0000003cacc00000) (1024K)]
  0x00000182d8fd83e0 JavaThread "Thread-1"                   daemon [_thread_in_native, id=27736, stack(0x0000003cad300000,0x0000003cad400000) (1024K)]
  0x00000182d8fd8a70 JavaThread "Thread-2"                   daemon [_thread_in_native, id=2996, stack(0x0000003cad400000,0x0000003cad500000) (1024K)]
  0x00000182d8fd55f0 JavaThread "Thread-3"                   daemon [_thread_in_native, id=23540, stack(0x0000003cad500000,0x0000003cad600000) (1024K)]
  0x00000182d8fd9100 JavaThread "Thread-4"                   daemon [_thread_in_native, id=22964, stack(0x0000003cad600000,0x0000003cad700000) (1024K)]
  0x00000182d8fd5c80 JavaThread "Thread-5"                   daemon [_thread_in_native, id=5092, stack(0x0000003cad700000,0x0000003cad800000) (1024K)]
  0x00000182d8fd9790 JavaThread "Thread-6"                   daemon [_thread_in_native, id=2468, stack(0x0000003cad800000,0x0000003cad900000) (1024K)]
  0x00000182d8fdb860 JavaThread "Thread-7"                   daemon [_thread_in_native, id=28604, stack(0x0000003cad900000,0x0000003cada00000) (1024K)]
  0x00000182d8fdbef0 JavaThread "Thread-8"                   daemon [_thread_in_native, id=4932, stack(0x0000003cada00000,0x0000003cadb00000) (1024K)]
  0x00000182d8fd9e20 JavaThread "Thread-9"                   daemon [_thread_in_native, id=14892, stack(0x0000003cadb00000,0x0000003cadc00000) (1024K)]
  0x00000182d8fdab40 JavaThread "Thread-10"                  daemon [_thread_in_native, id=3116, stack(0x0000003cadc00000,0x0000003cadd00000) (1024K)]
  0x00000182d8fdc580 JavaThread "Thread-11"                  daemon [_thread_in_native, id=12888, stack(0x0000003cadd00000,0x0000003cade00000) (1024K)]
  0x00000182d8fdb1d0 JavaThread "Thread-12"                  daemon [_thread_in_native, id=5744, stack(0x0000003cade00000,0x0000003cadf00000) (1024K)]
  0x00000182d8fda4b0 JavaThread "Thread-13"                  daemon [_thread_in_native, id=11560, stack(0x0000003cadf00000,0x0000003cae000000) (1024K)]
  0x00000182d8fdcc10 JavaThread "Thread-14"                  daemon [_thread_in_native, id=20332, stack(0x0000003cae000000,0x0000003cae100000) (1024K)]
  0x00000182daf4eda0 JavaThread "Thread-15"                  daemon [_thread_in_native, id=16196, stack(0x0000003cae100000,0x0000003cae200000) (1024K)]
  0x00000182daf4e080 JavaThread "Thread-16"                  daemon [_thread_in_native, id=23936, stack(0x0000003cae200000,0x0000003cae300000) (1024K)]
  0x00000182daf51b90 JavaThread "Thread-17"                  daemon [_thread_in_native, id=28860, stack(0x0000003cae300000,0x0000003cae400000) (1024K)]
  0x00000182daf4f430 JavaThread "pool-2-thread-1"                   [_thread_blocked, id=15212, stack(0x0000003cae400000,0x0000003cae500000) (1024K)]
  0x00000182daf51500 JavaThread "WorkspaceEventsHandler"            [_thread_blocked, id=29620, stack(0x0000003cae700000,0x0000003cae800000) (1024K)]
  0x00000182daf50150 JavaThread "pool-1-thread-1"                   [_thread_blocked, id=26540, stack(0x0000003cae800000,0x0000003cae900000) (1024K)]
  0x00000182daf4fac0 JavaThread "ForkJoinPool.commonPool-worker-1" daemon [_thread_blocked, id=26956, stack(0x0000003caea00000,0x0000003caeb00000) (1024K)]
  0x00000182daf50e70 JavaThread "ForkJoinPool.commonPool-worker-3" daemon [_thread_blocked, id=25992, stack(0x0000003caec00000,0x0000003caed00000) (1024K)]
  0x00000182daf4e710 JavaThread "ForkJoinPool.commonPool-worker-4" daemon [_thread_blocked, id=30032, stack(0x0000003caed00000,0x0000003caee00000) (1024K)]
  0x00000182daf53c60 JavaThread "ForkJoinPool.commonPool-worker-5" daemon [_thread_blocked, id=448, stack(0x0000003caee00000,0x0000003caef00000) (1024K)]
  0x00000182daf52220 JavaThread "ForkJoinPool.commonPool-worker-6" daemon [_thread_blocked, id=19020, stack(0x0000003caef00000,0x0000003caf000000) (1024K)]
  0x00000182daf528b0 JavaThread "ForkJoinPool.commonPool-worker-7" daemon [_thread_blocked, id=18456, stack(0x0000003caf000000,0x0000003caf100000) (1024K)]
  0x00000182daf542f0 JavaThread "ForkJoinPool.commonPool-worker-8" daemon [_thread_blocked, id=23056, stack(0x0000003caf100000,0x0000003caf200000) (1024K)]
  0x00000182daf54980 JavaThread "ForkJoinPool.commonPool-worker-9" daemon [_thread_blocked, id=22792, stack(0x0000003caf200000,0x0000003caf300000) (1024K)]
  0x00000182daf52f40 JavaThread "ForkJoinPool.commonPool-worker-10" daemon [_thread_blocked, id=2024, stack(0x0000003caf300000,0x0000003caf400000) (1024K)]
  0x00000182daf535d0 JavaThread "ForkJoinPool.commonPool-worker-12" daemon [_thread_blocked, id=27732, stack(0x0000003caf500000,0x0000003caf600000) (1024K)]
  0x00000182daf55010 JavaThread "ForkJoinPool.commonPool-worker-13" daemon [_thread_blocked, id=2324, stack(0x0000003caf600000,0x0000003caf700000) (1024K)]
  0x00000182de0dd2f0 JavaThread "ForkJoinPool.commonPool-worker-14" daemon [_thread_blocked, id=17788, stack(0x0000003caf700000,0x0000003caf800000) (1024K)]
  0x00000182de0dcc60 JavaThread "ForkJoinPool.commonPool-worker-15" daemon [_thread_blocked, id=6196, stack(0x0000003caf800000,0x0000003caf900000) (1024K)]
  0x00000182e857a9b0 JavaThread "LocalFile Deleter"          daemon [_thread_blocked, id=13496, stack(0x0000003cafe00000,0x0000003caff00000) (1024K)]
  0x00000182e857e4c0 JavaThread "LocalFile Deleter"          daemon [_thread_blocked, id=14608, stack(0x0000003cb0500000,0x0000003cb0600000) (1024K)]
  0x00000182d88613e0 JavaThread "Compiler Source File Reader" daemon [_thread_blocked, id=18576, stack(0x0000003caa400000,0x0000003caa500000) (1024K)]
  0x00000182d8860030 JavaThread "Compiler Source File Reader" daemon [_thread_blocked, id=26580, stack(0x0000003cab000000,0x0000003cab100000) (1024K)]
  0x00000182de0e21b0 JavaThread "Cleaner-0"                  daemon [_thread_blocked, id=14040, stack(0x0000003cb1800000,0x0000003cb1900000) (1024K)]
  0x00000182d9512960 JavaThread "Compiler Source File Reader" daemon [_thread_blocked, id=16340, stack(0x0000003caa100000,0x0000003caa200000) (1024K)]
  0x00000182d9513680 JavaThread "Compiler Source File Reader" daemon [_thread_blocked, id=24332, stack(0x0000003caad00000,0x0000003caae00000) (1024K)]
  0x00000182d95115b0 JavaThread "Compiler Source File Reader" daemon [_thread_blocked, id=23908, stack(0x0000003caac00000,0x0000003caad00000) (1024K)]
  0x00000182d9510f20 JavaThread "Compiler Source File Reader" daemon [_thread_blocked, id=5860, stack(0x0000003ca9f00000,0x0000003caa000000) (1024K)]
  0x00000182d9511c40 JavaThread "Compiler Source File Reader" daemon [_thread_blocked, id=16160, stack(0x0000003caa000000,0x0000003caa100000) (1024K)]
  0x00000182d9516470 JavaThread "Worker-16"                         [_thread_blocked, id=12172, stack(0x0000003cabb00000,0x0000003cabc00000) (1024K)]
  0x00000182d9515750 JavaThread "Worker-17"                         [_thread_blocked, id=8968, stack(0x0000003cabc00000,0x0000003cabd00000) (1024K)]
  0x00000182d9515de0 JavaThread "Compiler Source File Reader" daemon [_thread_blocked, id=29736, stack(0x0000003cabd00000,0x0000003cabe00000) (1024K)]
  0x00000182d9514a30 JavaThread "Compiler Source File Reader" daemon [_thread_blocked, id=8348, stack(0x0000003ca9100000,0x0000003ca9200000) (1024K)]
  0x00000182e857c3f0 JavaThread "Compiler Source File Reader" daemon [_thread_blocked, id=10720, stack(0x0000003cab100000,0x0000003cab200000) (1024K)]
  0x00000182e8579c90 JavaThread "Compiler Source File Reader" daemon [_thread_blocked, id=17044, stack(0x0000003cab700000,0x0000003cab800000) (1024K)]
  0x00000182e857a320 JavaThread "Compiler Source File Reader" daemon [_thread_blocked, id=18104, stack(0x0000003cab800000,0x0000003cab900000) (1024K)]
  0x00000182e857de30 JavaThread "Compiler Source File Reader" daemon [_thread_blocked, id=17024, stack(0x0000003caae00000,0x0000003caaf00000) (1024K)]
  0x00000182d885f9a0 JavaThread "ForkJoinPool.commonPool-worker-16" daemon [_thread_blocked, id=27524, stack(0x0000003cad100000,0x0000003cad200000) (1024K)]
  0x00000182d8862790 JavaThread "LocalFile Deleter"          daemon [_thread_blocked, id=26740, stack(0x0000003caca00000,0x0000003cacb00000) (1024K)]
  0x00000182de0dfa50 JavaThread "LocalFile Deleter"          daemon [_thread_blocked, id=28064, stack(0x0000003cacd00000,0x0000003cace00000) (1024K)]
  0x00000182de0e0770 JavaThread "LocalFile Deleter"          daemon [_thread_blocked, id=27336, stack(0x0000003cace00000,0x0000003cacf00000) (1024K)]
  0x00000182de0ded30 JavaThread "LocalFile Deleter"          daemon [_thread_blocked, id=29836, stack(0x0000003cad000000,0x0000003cad100000) (1024K)]
  0x00000182de0e2840 JavaThread "LocalFile Deleter"          daemon [_thread_blocked, id=19532, stack(0x0000003cae500000,0x0000003cae600000) (1024K)]
  0x00000182de0e2ed0 JavaThread "LocalFile Deleter"          daemon [_thread_blocked, id=8004, stack(0x0000003cae600000,0x0000003cae700000) (1024K)]
  0x00000182de0e3bf0 JavaThread "LocalFile Deleter"          daemon [_thread_blocked, id=1196, stack(0x0000003caeb00000,0x0000003caec00000) (1024K)]
  0x00000182de0e0e00 JavaThread "Worker-24"                         [_thread_blocked, id=13148, stack(0x0000003ca8f00000,0x0000003ca9000000) (1024K)]
  0x00000182d95150c0 JavaThread "Worker-25: Building"               [_thread_blocked, id=23200, stack(0x0000003ca9000000,0x0000003ca9100000) (1024K)]
  0x00000182d95122d0 JavaThread "Compiler Source File Reader" daemon [_thread_blocked, id=3172, stack(0x0000003caa200000,0x0000003caa300000) (1024K)]
  0x00000182d9512ff0 JavaThread "Compiler Processing Task"   daemon [_thread_blocked, id=18544, stack(0x0000003caaf00000,0x0000003cab000000) (1024K)]
  0x00000182d9516b00 JavaThread "Worker-26"                         [_thread_blocked, id=24336, stack(0x0000003cab500000,0x0000003cab600000) (1024K)]
Total: 84

Other Threads:
  0x00000182f3f84b10 VMThread "VM Thread"                           [id=9924, stack(0x0000003ca9500000,0x0000003ca9600000) (1024K)]
  0x00000182f3e7ca00 WatcherThread "VM Periodic Task Thread"        [id=12552, stack(0x0000003ca9400000,0x0000003ca9500000) (1024K)]
  0x00000182f4007ee0 WorkerThread "GC Thread#0"                     [id=20336, stack(0x0000003ca9300000,0x0000003ca9400000) (1024K)]
  0x00000182d8475150 WorkerThread "GC Thread#1"                     [id=18692, stack(0x0000003caa500000,0x0000003caa600000) (1024K)]
  0x00000182d89dd1d0 WorkerThread "GC Thread#2"                     [id=2708, stack(0x0000003caa600000,0x0000003caa700000) (1024K)]
  0x00000182d8892020 WorkerThread "GC Thread#3"                     [id=13052, stack(0x0000003caa700000,0x0000003caa800000) (1024K)]
  0x00000182d8611360 WorkerThread "GC Thread#4"                     [id=27232, stack(0x0000003caa800000,0x0000003caa900000) (1024K)]
  0x00000182d8611700 WorkerThread "GC Thread#5"                     [id=21112, stack(0x0000003caa900000,0x0000003caaa00000) (1024K)]
=>0x00000182d8611aa0 WorkerThread "GC Thread#6"                     [id=23780, stack(0x0000003caaa00000,0x0000003caab00000) (1024K)]
  0x00000182d89037a0 WorkerThread "GC Thread#7"                     [id=16984, stack(0x0000003cab200000,0x0000003cab300000) (1024K)]
  0x00000182d8902cc0 WorkerThread "GC Thread#8"                     [id=29796, stack(0x0000003cabf00000,0x0000003cac000000) (1024K)]
  0x00000182d8903060 WorkerThread "GC Thread#9"                     [id=10472, stack(0x0000003cac200000,0x0000003cac300000) (1024K)]
  0x00000182d8903400 WorkerThread "GC Thread#10"                    [id=13168, stack(0x0000003cac300000,0x0000003cac400000) (1024K)]
  0x00000182d8902580 WorkerThread "GC Thread#11"                    [id=7408, stack(0x0000003cac600000,0x0000003cac700000) (1024K)]
  0x00000182da58cf20 WorkerThread "GC Thread#12"                    [id=28916, stack(0x0000003caab00000,0x0000003caac00000) (1024K)]
Total: 15

Threads with active compile tasks:
Total: 0

VM state: at safepoint (normal execution)

VM Mutex/Monitor currently owned by a thread:  ([mutex/lock_event])
[0x00007ffc6626de50] Threads_lock - owner thread: 0x00000182f3f84b10
[0x00007ffc6626df50] Heap_lock - owner thread: 0x00000182d8fd7030

Heap address: 0x0000000080000000, size: 2048 MB, Compressed Oops mode: 32-bit

CDS archive(s) mapped at: [0x0000018293000000-0x0000018293c90000-0x0000018293c90000), size 13172736, SharedBaseAddress: 0x0000018293000000, ArchiveRelocationMode: 1.
Compressed class space mapped at: 0x0000018294000000-0x00000182d4000000, reserved size: 1073741824
Narrow klass base: 0x0000018293000000, Narrow klass shift: 0, Narrow klass range: 0x100000000

GC Precious Log:
 CardTable entry size: 512
 CPUs: 16 total, 16 available
 Memory: 24260M
 Large Page Support: Disabled
 NUMA Support: Disabled
 Compressed Oops: Enabled (32-bit)
 Alignments: Space 512K, Generation 512K, Heap 2M
 Heap Min Capacity: 100M
 Heap Initial Capacity: 100M
 Heap Max Capacity: 2G
 Pre-touch: Disabled
 Parallel Workers: 13

Heap:
 PSYoungGen      total 1536K, used 0K [0x00000000d5580000, 0x00000000d5b00000, 0x0000000100000000)
  eden space 1024K, 0% used [0x00000000d5580000,0x00000000d5580000,0x00000000d5680000)
  from space 512K, 0% used [0x00000000d5680000,0x00000000d5680000,0x00000000d5700000)
  to   space 1536K, 0% used [0x00000000d5980000,0x00000000d5980000,0x00000000d5b00000)
 ParOldGen       total 230400K, used 188991K [0x0000000080000000, 0x000000008e100000, 0x00000000d5580000)
  object space 230400K, 82% used [0x0000000080000000,0x000000008b88fc88,0x000000008e100000)
 Metaspace       used 100332K, committed 102336K, reserved 1179648K
  class space    used 9474K, committed 10432K, reserved 1048576K

Card table byte_map: [0x00000182f3990000,0x00000182f3da0000] _byte_map_base: 0x00000182f3590000

Marking Bits: (ParMarkBitMap*) 0x00007ffc66272da0
 Begin Bits: [0x000001828f000000, 0x0000018291000000)
 End Bits:   [0x0000018291000000, 0x0000018293000000)

Polling page: 0x00000182f1e80000

Metaspace:

Usage:
  Non-class:     88.73 MB used.
      Class:      9.25 MB used.
       Both:     97.98 MB used.

Virtual space:
  Non-class space:      128.00 MB reserved,      89.75 MB ( 70%) committed,  2 nodes.
      Class space:        1.00 GB reserved,      10.19 MB ( <1%) committed,  1 nodes.
             Both:        1.12 GB reserved,      99.94 MB (  9%) committed. 

Chunk freelists:
   Non-Class:  5.73 MB
       Class:  5.73 MB
        Both:  11.46 MB

MaxMetaspaceSize: unlimited
CompressedClassSpaceSize: 1.00 GB
Initial GC threshold: 21.00 MB
Current GC threshold: 166.38 MB
CDS: on
 - commit_granule_bytes: 65536.
 - commit_granule_words: 8192.
 - virtual_space_node_default_size: 8388608.
 - enlarge_chunks_in_place: 1.
 - use_allocation_guard: 0.


Internal statistics:

num_allocs_failed_limit: 8.
num_arena_births: 2212.
num_arena_deaths: 36.
num_vsnodes_births: 3.
num_vsnodes_deaths: 0.
num_space_committed: 1598.
num_space_uncommitted: 0.
num_chunks_returned_to_freelist: 53.
num_chunks_taken_from_freelist: 7381.
num_chunk_merges: 20.
num_chunk_splits: 4449.
num_chunks_enlarged: 2381.
num_inconsistent_stats: 0.

CodeHeap 'non-profiled nmethods': size=119168Kb used=24355Kb max_used=24368Kb free=94812Kb
 bounds [0x0000018287ba0000, 0x0000018289370000, 0x000001828f000000]
CodeHeap 'profiled nmethods': size=119104Kb used=31293Kb max_used=38597Kb free=87810Kb
 bounds [0x0000018280000000, 0x00000182825c0000, 0x0000018287450000]
CodeHeap 'non-nmethods': size=7488Kb used=1529Kb max_used=3336Kb free=5958Kb
 bounds [0x0000018287450000, 0x00000182877a0000, 0x0000018287ba0000]
 total_blobs=16120 nmethods=15265 adapters=754
 compilation: enabled
              stopped_count=0, restarted_count=0
 full_count=0

Compilation events (20 events):
Event: 1238.694 Thread 0x00000182fe237d00 41700       3       org.eclipse.core.internal.events.BuildManager$2::<init> (38 bytes)
Event: 1238.694 Thread 0x00000182fe237d00 nmethod 41700 0x0000018282439e10 code [0x0000018282439fc0, 0x000001828243a198]
Event: 1238.694 Thread 0x00000182fe237d00 41701       3       org.eclipse.core.internal.events.BuildManager$2::run (102 bytes)
Event: 1238.695 Thread 0x00000182fe237d00 nmethod 41701 0x00000182801dbd90 code [0x00000182801dbfc0, 0x00000182801dc908]
Event: 1238.711 Thread 0x00000182fe2323b0 41702       4       org.eclipse.sisu.inject.MildElements$Weak::index (12 bytes)
Event: 1238.711 Thread 0x00000182fe2323b0 nmethod 41702 0x0000018289368510 code [0x00000182893686a0, 0x0000018289368730]
Event: 1238.956 Thread 0x00000182fe237d00 41703       3       org.eclipse.jdt.core.manipulation.ChangeCorrectionProposalCore::<init> (34 bytes)
Event: 1238.957 Thread 0x00000182fe237d00 nmethod 41703 0x0000018282439890 code [0x0000018282439a40, 0x0000018282439cd8]
Event: 1238.957 Thread 0x00000182fe237d00 41704       1       org.eclipse.jdt.internal.corext.dom.SelectionAnalyzer::getLastCoveringNode (5 bytes)
Event: 1238.957 Thread 0x00000182fe237d00 nmethod 41704 0x0000018289368810 code [0x00000182893689a0, 0x0000018289368a68]
Event: 1238.964 Thread 0x00000182fe2323b0 41705       4       org.eclipse.jdt.internal.core.Member::getFlags (13 bytes)
Event: 1238.965 Thread 0x00000182fe2323b0 nmethod 41705 0x0000018289368b10 code [0x0000018289368ca0, 0x0000018289368db8]
Event: 1239.820 Thread 0x00000182fe237d00 41706       3       org.eclipse.jdt.internal.compiler.ClassFile::addSyntheticRecordCanonicalConstructor (82 bytes)
Event: 1239.821 Thread 0x00000182fe237d00 nmethod 41706 0x0000018281179290 code [0x0000018281179500, 0x0000018281179f58]
Event: 1239.823 Thread 0x00000182fe237d00 41707       3       org.eclipse.core.internal.events.NotificationManager::beginAvoidNotify (13 bytes)
Event: 1239.823 Thread 0x00000182fe237d00 nmethod 41707 0x0000018282466210 code [0x00000182824663c0, 0x00000182824665b8]
Event: 1239.830 Thread 0x00000182fe2323b0 41708       4       org.eclipse.sisu.inject.Sources::getAnnotation (39 bytes)
Event: 1239.850 Thread 0x00000182fe2323b0 nmethod 41708 0x0000018289368f10 code [0x0000018289369200, 0x0000018289369fb8]
Event: 1239.851 Thread 0x00000182fe2323b0 41709       4       org.eclipse.sisu.inject.Implementations::getAnnotation (102 bytes)
Event: 1239.867 Thread 0x00000182fe2323b0 nmethod 41709 0x000001828936aa90 code [0x000001828936ad20, 0x000001828936b818]

GC Heap History (20 events):
Event: 1241.026 GC heap after
{Heap after GC invocations=4784 (full 140):
 PSYoungGen      total 2048K, used 793K [0x00000000d5580000, 0x00000000d5a00000, 0x0000000100000000)
  eden space 1024K, 0% used [0x00000000d5580000,0x00000000d5580000,0x00000000d5680000)
  from space 1024K, 77% used [0x00000000d5900000,0x00000000d59c67b0,0x00000000d5a00000)
  to   space 1024K, 0% used [0x00000000d5800000,0x00000000d5800000,0x00000000d5900000)
 ParOldGen       total 230400K, used 155958K [0x0000000080000000, 0x000000008e100000, 0x00000000d5580000)
  object space 230400K, 67% used [0x0000000080000000,0x000000008984da28,0x000000008e100000)
 Metaspace       used 100332K, committed 102336K, reserved 1179648K
  class space    used 9474K, committed 10432K, reserved 1048576K
}
Event: 1241.027 GC heap before
{Heap before GC invocations=4785 (full 140):
 PSYoungGen      total 2048K, used 1810K [0x00000000d5580000, 0x00000000d5a00000, 0x0000000100000000)
  eden space 1024K, 99% used [0x00000000d5580000,0x00000000d567e1c0,0x00000000d5680000)
  from space 1024K, 77% used [0x00000000d5900000,0x00000000d59c67b0,0x00000000d5a00000)
  to   space 1024K, 0% used [0x00000000d5800000,0x00000000d5800000,0x00000000d5900000)
 ParOldGen       total 230400K, used 155958K [0x0000000080000000, 0x000000008e100000, 0x00000000d5580000)
  object space 230400K, 67% used [0x0000000080000000,0x000000008984da28,0x000000008e100000)
 Metaspace       used 100332K, committed 102336K, reserved 1179648K
  class space    used 9474K, committed 10432K, reserved 1048576K
}
Event: 1241.028 GC heap after
{Heap after GC invocations=4785 (full 140):
 PSYoungGen      total 2560K, used 1023K [0x00000000d5580000, 0x00000000d5b00000, 0x0000000100000000)
  eden space 1536K, 0% used [0x00000000d5580000,0x00000000d5580000,0x00000000d5700000)
  from space 1024K, 99% used [0x00000000d5800000,0x00000000d58ffd18,0x00000000d5900000)
  to   space 2048K, 0% used [0x00000000d5900000,0x00000000d5900000,0x00000000d5b00000)
 ParOldGen       total 230400K, used 156664K [0x0000000080000000, 0x000000008e100000, 0x00000000d5580000)
  object space 230400K, 67% used [0x0000000080000000,0x00000000898fe390,0x000000008e100000)
 Metaspace       used 100332K, committed 102336K, reserved 1179648K
  class space    used 9474K, committed 10432K, reserved 1048576K
}
Event: 1241.031 GC heap before
{Heap before GC invocations=4786 (full 140):
 PSYoungGen      total 2560K, used 2529K [0x00000000d5580000, 0x00000000d5b00000, 0x0000000100000000)
  eden space 1536K, 98% used [0x00000000d5580000,0x00000000d56f8aa8,0x00000000d5700000)
  from space 1024K, 99% used [0x00000000d5800000,0x00000000d58ffd18,0x00000000d5900000)
  to   space 2048K, 0% used [0x00000000d5900000,0x00000000d5900000,0x00000000d5b00000)
 ParOldGen       total 230400K, used 156664K [0x0000000080000000, 0x000000008e100000, 0x00000000d5580000)
  object space 230400K, 67% used [0x0000000080000000,0x00000000898fe390,0x000000008e100000)
 Metaspace       used 100332K, committed 102336K, reserved 1179648K
  class space    used 9474K, committed 10432K, reserved 1048576K
}
Event: 1241.032 GC heap after
{Heap after GC invocations=4786 (full 140):
 PSYoungGen      total 3584K, used 1573K [0x00000000d5580000, 0x00000000d5b80000, 0x0000000100000000)
  eden space 1536K, 0% used [0x00000000d5580000,0x00000000d5580000,0x00000000d5700000)
  from space 2048K, 76% used [0x00000000d5900000,0x00000000d5a89758,0x00000000d5b00000)
  to   space 2048K, 0% used [0x00000000d5700000,0x00000000d5700000,0x00000000d5900000)
 ParOldGen       total 230400K, used 157313K [0x0000000080000000, 0x000000008e100000, 0x00000000d5580000)
  object space 230400K, 68% used [0x0000000080000000,0x00000000899a0798,0x000000008e100000)
 Metaspace       used 100332K, committed 102336K, reserved 1179648K
  class space    used 9474K, committed 10432K, reserved 1048576K
}
Event: 1241.035 GC heap before
{Heap before GC invocations=4787 (full 140):
 PSYoungGen      total 3584K, used 3109K [0x00000000d5580000, 0x00000000d5b80000, 0x0000000100000000)
  eden space 1536K, 100% used [0x00000000d5580000,0x00000000d5700000,0x00000000d5700000)
  from space 2048K, 76% used [0x00000000d5900000,0x00000000d5a89758,0x00000000d5b00000)
  to   space 2048K, 0% used [0x00000000d5700000,0x00000000d5700000,0x00000000d5900000)
 ParOldGen       total 230400K, used 157313K [0x0000000080000000, 0x000000008e100000, 0x00000000d5580000)
  object space 230400K, 68% used [0x0000000080000000,0x00000000899a0798,0x000000008e100000)
 Metaspace       used 100332K, committed 102336K, reserved 1179648K
  class space    used 9474K, committed 10432K, reserved 1048576K
}
Event: 1241.036 GC heap after
{Heap after GC invocations=4787 (full 140):
 PSYoungGen      total 3584K, used 1749K [0x00000000d5580000, 0x00000000d5b80000, 0x0000000100000000)
  eden space 1536K, 0% used [0x00000000d5580000,0x00000000d5580000,0x00000000d5700000)
  from space 2048K, 85% used [0x00000000d5700000,0x00000000d58b56e0,0x00000000d5900000)
  to   space 2048K, 0% used [0x00000000d5980000,0x00000000d5980000,0x00000000d5b80000)
 ParOldGen       total 230400K, used 158443K [0x0000000080000000, 0x000000008e100000, 0x00000000d5580000)
  object space 230400K, 68% used [0x0000000080000000,0x0000000089abad50,0x000000008e100000)
 Metaspace       used 100332K, committed 102336K, reserved 1179648K
  class space    used 9474K, committed 10432K, reserved 1048576K
}
Event: 1241.037 GC heap before
{Heap before GC invocations=4788 (full 140):
 PSYoungGen      total 3584K, used 3082K [0x00000000d5580000, 0x00000000d5b80000, 0x0000000100000000)
  eden space 1536K, 86% used [0x00000000d5580000,0x00000000d56cd138,0x00000000d5700000)
  from space 2048K, 85% used [0x00000000d5700000,0x00000000d58b56e0,0x00000000d5900000)
  to   space 2048K, 0% used [0x00000000d5980000,0x00000000d5980000,0x00000000d5b80000)
 ParOldGen       total 230400K, used 158443K [0x0000000080000000, 0x000000008e100000, 0x00000000d5580000)
  object space 230400K, 68% used [0x0000000080000000,0x0000000089abad50,0x000000008e100000)
 Metaspace       used 100332K, committed 102336K, reserved 1179648K
  class space    used 9474K, committed 10432K, reserved 1048576K
}
Event: 1241.039 GC heap after
{Heap after GC invocations=4788 (full 140):
 PSYoungGen      total 4096K, used 1484K [0x00000000d5580000, 0x00000000d5b80000, 0x0000000100000000)
  eden space 2048K, 0% used [0x00000000d5580000,0x00000000d5580000,0x00000000d5780000)
  from space 2048K, 72% used [0x00000000d5980000,0x00000000d5af3068,0x00000000d5b80000)
  to   space 2048K, 0% used [0x00000000d5780000,0x00000000d5780000,0x00000000d5980000)
 ParOldGen       total 230400K, used 160300K [0x0000000080000000, 0x000000008e100000, 0x00000000d5580000)
  object space 230400K, 69% used [0x0000000080000000,0x0000000089c8b078,0x000000008e100000)
 Metaspace       used 100332K, committed 102336K, reserved 1179648K
  class space    used 9474K, committed 10432K, reserved 1048576K
}
Event: 1241.041 GC heap before
{Heap before GC invocations=4789 (full 140):
 PSYoungGen      total 4096K, used 3382K [0x00000000d5580000, 0x00000000d5b80000, 0x0000000100000000)
  eden space 2048K, 92% used [0x00000000d5580000,0x00000000d575a940,0x00000000d5780000)
  from space 2048K, 72% used [0x00000000d5980000,0x00000000d5af3068,0x00000000d5b80000)
  to   space 2048K, 0% used [0x00000000d5780000,0x00000000d5780000,0x00000000d5980000)
 ParOldGen       total 230400K, used 160300K [0x0000000080000000, 0x000000008e100000, 0x00000000d5580000)
  object space 230400K, 69% used [0x0000000080000000,0x0000000089c8b078,0x000000008e100000)
 Metaspace       used 100332K, committed 102336K, reserved 1179648K
  class space    used 9474K, committed 10432K, reserved 1048576K
}
Event: 1241.042 GC heap after
{Heap after GC invocations=4789 (full 140):
 PSYoungGen      total 4096K, used 2028K [0x00000000d5580000, 0x00000000d6000000, 0x0000000100000000)
  eden space 2048K, 0% used [0x00000000d5580000,0x00000000d5580000,0x00000000d5780000)
  from space 2048K, 99% used [0x00000000d5780000,0x00000000d597b0b8,0x00000000d5980000)
  to   space 4096K, 0% used [0x00000000d5c00000,0x00000000d5c00000,0x00000000d6000000)
 ParOldGen       total 230400K, used 161638K [0x0000000080000000, 0x000000008e100000, 0x00000000d5580000)
  object space 230400K, 70% used [0x0000000080000000,0x0000000089dd9808,0x000000008e100000)
 Metaspace       used 100332K, committed 102336K, reserved 1179648K
  class space    used 9474K, committed 10432K, reserved 1048576K
}
Event: 1241.044 GC heap before
{Heap before GC invocations=4790 (full 140):
 PSYoungGen      total 4096K, used 4062K [0x00000000d5580000, 0x00000000d6000000, 0x0000000100000000)
  eden space 2048K, 99% used [0x00000000d5580000,0x00000000d577c988,0x00000000d5780000)
  from space 2048K, 99% used [0x00000000d5780000,0x00000000d597b0b8,0x00000000d5980000)
  to   space 4096K, 0% used [0x00000000d5c00000,0x00000000d5c00000,0x00000000d6000000)
 ParOldGen       total 230400K, used 161638K [0x0000000080000000, 0x000000008e100000, 0x00000000d5580000)
  object space 230400K, 70% used [0x0000000080000000,0x0000000089dd9808,0x000000008e100000)
 Metaspace       used 100332K, committed 102336K, reserved 1179648K
  class space    used 9474K, committed 10432K, reserved 1048576K
}
Event: 1241.045 GC heap after
{Heap after GC invocations=4790 (full 140):
 PSYoungGen      total 5120K, used 2197K [0x00000000d5580000, 0x00000000d5e80000, 0x0000000100000000)
  eden space 2560K, 0% used [0x00000000d5580000,0x00000000d5580000,0x00000000d5800000)
  from space 2560K, 85% used [0x00000000d5c00000,0x00000000d5e25518,0x00000000d5e80000)
  to   space 3072K, 0% used [0x00000000d5880000,0x00000000d5880000,0x00000000d5b80000)
 ParOldGen       total 230400K, used 163540K [0x0000000080000000, 0x000000008e100000, 0x00000000d5580000)
  object space 230400K, 70% used [0x0000000080000000,0x0000000089fb5148,0x000000008e100000)
 Metaspace       used 100332K, committed 102336K, reserved 1179648K
  class space    used 9474K, committed 10432K, reserved 1048576K
}
Event: 1241.053 GC heap before
{Heap before GC invocations=4791 (full 140):
 PSYoungGen      total 5120K, used 4757K [0x00000000d5580000, 0x00000000d5e80000, 0x0000000100000000)
  eden space 2560K, 99% used [0x00000000d5580000,0x00000000d57ffff8,0x00000000d5800000)
  from space 2560K, 85% used [0x00000000d5c00000,0x00000000d5e25518,0x00000000d5e80000)
  to   space 3072K, 0% used [0x00000000d5880000,0x00000000d5880000,0x00000000d5b80000)
 ParOldGen       total 230400K, used 163540K [0x0000000080000000, 0x000000008e100000, 0x00000000d5580000)
  object space 230400K, 70% used [0x0000000080000000,0x0000000089fb5148,0x000000008e100000)
 Metaspace       used 100332K, committed 102336K, reserved 1179648K
  class space    used 9474K, committed 10432K, reserved 1048576K
}
Event: 1241.056 GC heap after
{Heap after GC invocations=4791 (full 140):
 PSYoungGen      total 4608K, used 1216K [0x00000000d5580000, 0x00000000d5c80000, 0x0000000100000000)
  eden space 3072K, 0% used [0x00000000d5580000,0x00000000d5580000,0x00000000d5880000)
  from space 1536K, 79% used [0x00000000d5880000,0x00000000d59b0000,0x00000000d5a00000)
  to   space 2048K, 0% used [0x00000000d5a80000,0x00000000d5a80000,0x00000000d5c80000)
 ParOldGen       total 230400K, used 166404K [0x0000000080000000, 0x000000008e100000, 0x00000000d5580000)
  object space 230400K, 72% used [0x0000000080000000,0x000000008a281148,0x000000008e100000)
 Metaspace       used 100332K, committed 102336K, reserved 1179648K
  class space    used 9474K, committed 10432K, reserved 1048576K
}
Event: 1241.061 GC heap before
{Heap before GC invocations=4792 (full 140):
 PSYoungGen      total 4608K, used 4242K [0x00000000d5580000, 0x00000000d5c80000, 0x0000000100000000)
  eden space 3072K, 98% used [0x00000000d5580000,0x00000000d5874b38,0x00000000d5880000)
  from space 1536K, 79% used [0x00000000d5880000,0x00000000d59b0000,0x00000000d5a00000)
  to   space 2048K, 0% used [0x00000000d5a80000,0x00000000d5a80000,0x00000000d5c80000)
 ParOldGen       total 230400K, used 185604K [0x0000000080000000, 0x000000008e100000, 0x00000000d5580000)
  object space 230400K, 80% used [0x0000000080000000,0x000000008b541168,0x000000008e100000)
 Metaspace       used 100332K, committed 102336K, reserved 1179648K
  class space    used 9474K, committed 10432K, reserved 1048576K
}
Event: 1241.064 GC heap after
{Heap after GC invocations=4792 (full 140):
 PSYoungGen      total 3072K, used 2040K [0x00000000d5580000, 0x00000000d6180000, 0x0000000100000000)
  eden space 1024K, 0% used [0x00000000d5580000,0x00000000d5580000,0x00000000d5680000)
  from space 2048K, 99% used [0x00000000d5a80000,0x00000000d5c7e000,0x00000000d5c80000)
  to   space 4096K, 0% used [0x00000000d5680000,0x00000000d5680000,0x00000000d5a80000)
 ParOldGen       total 230400K, used 186915K [0x0000000080000000, 0x000000008e100000, 0x00000000d5580000)
  object space 230400K, 81% used [0x0000000080000000,0x000000008b688c68,0x000000008e100000)
 Metaspace       used 100332K, committed 102336K, reserved 1179648K
  class space    used 9474K, committed 10432K, reserved 1048576K
}
Event: 1241.064 GC heap before
{Heap before GC invocations=4793 (full 140):
 PSYoungGen      total 3072K, used 2040K [0x00000000d5580000, 0x00000000d6180000, 0x0000000100000000)
  eden space 1024K, 0% used [0x00000000d5580000,0x00000000d5580000,0x00000000d5680000)
  from space 2048K, 99% used [0x00000000d5a80000,0x00000000d5c7e000,0x00000000d5c80000)
  to   space 4096K, 0% used [0x00000000d5680000,0x00000000d5680000,0x00000000d5a80000)
 ParOldGen       total 230400K, used 186915K [0x0000000080000000, 0x000000008e100000, 0x00000000d5580000)
  object space 230400K, 81% used [0x0000000080000000,0x000000008b688c68,0x000000008e100000)
 Metaspace       used 100332K, committed 102336K, reserved 1179648K
  class space    used 9474K, committed 10432K, reserved 1048576K
}
Event: 1241.065 GC heap after
{Heap after GC invocations=4793 (full 140):
 PSYoungGen      total 1536K, used 0K [0x00000000d5580000, 0x00000000d5b00000, 0x0000000100000000)
  eden space 1024K, 0% used [0x00000000d5580000,0x00000000d5580000,0x00000000d5680000)
  from space 512K, 0% used [0x00000000d5680000,0x00000000d5680000,0x00000000d5700000)
  to   space 1536K, 0% used [0x00000000d5980000,0x00000000d5980000,0x00000000d5b00000)
 ParOldGen       total 230400K, used 188991K [0x0000000080000000, 0x000000008e100000, 0x00000000d5580000)
  object space 230400K, 82% used [0x0000000080000000,0x000000008b88fc88,0x000000008e100000)
 Metaspace       used 100332K, committed 102336K, reserved 1179648K
  class space    used 9474K, committed 10432K, reserved 1048576K
}
Event: 1241.065 GC heap before
{Heap before GC invocations=4794 (full 141):
 PSYoungGen      total 1536K, used 0K [0x00000000d5580000, 0x00000000d5b00000, 0x0000000100000000)
  eden space 1024K, 0% used [0x00000000d5580000,0x00000000d5580000,0x00000000d5680000)
  from space 512K, 0% used [0x00000000d5680000,0x00000000d5680000,0x00000000d5700000)
  to   space 1536K, 0% used [0x00000000d5980000,0x00000000d5980000,0x00000000d5b00000)
 ParOldGen       total 230400K, used 188991K [0x0000000080000000, 0x000000008e100000, 0x00000000d5580000)
  object space 230400K, 82% used [0x0000000080000000,0x000000008b88fc88,0x000000008e100000)
 Metaspace       used 100332K, committed 102336K, reserved 1179648K
  class space    used 9474K, committed 10432K, reserved 1048576K
}

Dll operation events (11 events):
Event: 0.006 Loaded shared library C:\Program Files\Java\jdk-21\bin\java.dll
Event: 0.028 Loaded shared library C:\Program Files\Java\jdk-21\bin\jsvml.dll
Event: 0.057 Loaded shared library C:\Program Files\Java\jdk-21\bin\zip.dll
Event: 0.059 Loaded shared library C:\Program Files\Java\jdk-21\bin\instrument.dll
Event: 0.062 Loaded shared library C:\Program Files\Java\jdk-21\bin\net.dll
Event: 0.063 Loaded shared library C:\Program Files\Java\jdk-21\bin\nio.dll
Event: 0.065 Loaded shared library C:\Program Files\Java\jdk-21\bin\zip.dll
Event: 0.074 Loaded shared library C:\Program Files\Java\jdk-21\bin\jimage.dll
Event: 0.120 Loaded shared library C:\Program Files\Java\jdk-21\bin\verify.dll
Event: 0.920 Loaded shared library C:\Users\User\AppData\Roaming\Code\User\globalStorage\redhat.java\1.46.0\config_win\org.eclipse.equinox.launcher\org.eclipse.equinox.launcher.win32.win32.x86_64_1.2.1400.v20250801-0854\eclipse_11916.dll
Event: 2.050 Loaded shared library C:\Users\User\AppData\Local\Temp\jna-2645995\jna12474429992334064178.dll

Deoptimization events (20 events):
Event: 955.896 Thread 0x00000182daf54980 Uncommon trap: trap_request=0xffffff45 fr.pc=0x00000182883614b4 relative=0x0000000000000f54
Event: 955.896 Thread 0x00000182daf54980 Uncommon trap: reason=unstable_if action=reinterpret pc=0x00000182883614b4 method=org.eclipse.jdt.internal.compiler.parser.Parser.getTypeReferenceForGenericType(III)Lorg/eclipse/jdt/internal/compiler/ast/TypeReference; @ 1 c2
Event: 955.896 Thread 0x00000182daf54980 DEOPT PACKING pc=0x00000182883614b4 sp=0x0000003caf2fcf30
Event: 955.896 Thread 0x00000182daf54980 DEOPT UNPACKING pc=0x00000182874a3aa2 sp=0x0000003caf2fcee8 mode 2
Event: 958.374 Thread 0x00000182d9517820 Uncommon trap: trap_request=0xffffffcc fr.pc=0x0000018289304860 relative=0x0000000000003100
Event: 958.374 Thread 0x00000182d9517820 Uncommon trap: reason=intrinsic_or_type_checked_inlining action=make_not_entrant pc=0x0000018289304860 method=org.eclipse.jdt.internal.core.CompilationUnit.getImports()[Lorg/eclipse/jdt/core/IImportDeclaration; @ 66 c2
Event: 958.374 Thread 0x00000182d9517820 DEOPT PACKING pc=0x0000018289304860 sp=0x0000003cabafe370
Event: 958.374 Thread 0x00000182d9517820 DEOPT UNPACKING pc=0x00000182874a3aa2 sp=0x0000003cabafe2b0 mode 2
Event: 967.613 Thread 0x00000182daf54980 Uncommon trap: trap_request=0xffffff45 fr.pc=0x00000182887c7738 relative=0x0000000000000698
Event: 967.613 Thread 0x00000182daf54980 Uncommon trap: reason=unstable_if action=reinterpret pc=0x00000182887c7738 method=org.eclipse.jdt.internal.core.util.Util.toUnresolvedTypeSignature([CIILjava/lang/StringBuilder;)I @ 5 c2
Event: 967.613 Thread 0x00000182daf54980 DEOPT PACKING pc=0x00000182887c7738 sp=0x0000003caf2fe6c0
Event: 967.613 Thread 0x00000182daf54980 DEOPT UNPACKING pc=0x00000182874a3aa2 sp=0x0000003caf2fe668 mode 2
Event: 968.842 Thread 0x00000182daf4e710 Uncommon trap: trap_request=0xffffff45 fr.pc=0x0000018288cef6e0 relative=0x0000000000000a80
Event: 968.842 Thread 0x00000182daf4e710 Uncommon trap: reason=unstable_if action=reinterpret pc=0x0000018288cef6e0 method=org.eclipse.jdt.internal.compiler.lookup.Scope.getTypeOrPackage([[C)Lorg/eclipse/jdt/internal/compiler/lookup/Binding; @ 337 c2
Event: 968.842 Thread 0x00000182daf4e710 DEOPT PACKING pc=0x0000018288cef6e0 sp=0x0000003caedfe110
Event: 968.842 Thread 0x00000182daf4e710 DEOPT UNPACKING pc=0x00000182874a3aa2 sp=0x0000003caedfe0a8 mode 2
Event: 1238.551 Thread 0x00000182de0dcc60 Uncommon trap: trap_request=0xffffff45 fr.pc=0x000001828928d0cc relative=0x000000000000232c
Event: 1238.551 Thread 0x00000182de0dcc60 Uncommon trap: reason=unstable_if action=reinterpret pc=0x000001828928d0cc method=org.eclipse.jdt.core.dom.ASTConverter.lookupForScopes()V @ 4 c2
Event: 1238.551 Thread 0x00000182de0dcc60 DEOPT PACKING pc=0x000001828928d0cc sp=0x0000003caf8fdf90
Event: 1238.551 Thread 0x00000182de0dcc60 DEOPT UNPACKING pc=0x00000182874a3aa2 sp=0x0000003caf8fdf80 mode 2

Classes loaded (20 events):
Event: 952.896 Loading class jdk/internal/module/IllegalAccessLogger
Event: 952.896 Loading class jdk/internal/module/IllegalAccessLogger done
Event: 955.294 Loading class jdk/internal/module/IllegalAccessLogger
Event: 955.294 Loading class jdk/internal/module/IllegalAccessLogger done
Event: 956.401 Loading class jdk/internal/module/IllegalAccessLogger
Event: 956.401 Loading class jdk/internal/module/IllegalAccessLogger done
Event: 956.602 Loading class jdk/internal/module/IllegalAccessLogger
Event: 956.602 Loading class jdk/internal/module/IllegalAccessLogger done
Event: 957.830 Loading class jdk/internal/module/IllegalAccessLogger
Event: 957.830 Loading class jdk/internal/module/IllegalAccessLogger done
Event: 960.532 Loading class jdk/internal/module/IllegalAccessLogger
Event: 960.532 Loading class jdk/internal/module/IllegalAccessLogger done
Event: 961.631 Loading class jdk/internal/module/IllegalAccessLogger
Event: 961.631 Loading class jdk/internal/module/IllegalAccessLogger done
Event: 1238.690 Loading class jdk/internal/module/IllegalAccessLogger
Event: 1238.690 Loading class jdk/internal/module/IllegalAccessLogger done
Event: 1239.819 Loading class jdk/internal/module/IllegalAccessLogger
Event: 1239.819 Loading class jdk/internal/module/IllegalAccessLogger done
Event: 1241.047 Loading class jdk/internal/module/IllegalAccessLogger
Event: 1241.047 Loading class jdk/internal/module/IllegalAccessLogger done

Classes unloaded (18 events):
Event: 2.338 Thread 0x00000182f3f84b10 Unloading class 0x00000182941bc800 'java/lang/invoke/LambdaForm$MH+0x00000182941bc800'
Event: 2.338 Thread 0x00000182f3f84b10 Unloading class 0x00000182941bc400 'java/lang/invoke/LambdaForm$MH+0x00000182941bc400'
Event: 2.338 Thread 0x00000182f3f84b10 Unloading class 0x00000182941bc000 'java/lang/invoke/LambdaForm$MH+0x00000182941bc000'
Event: 2.338 Thread 0x00000182f3f84b10 Unloading class 0x00000182941bbc00 'java/lang/invoke/LambdaForm$MH+0x00000182941bbc00'
Event: 2.338 Thread 0x00000182f3f84b10 Unloading class 0x00000182941bb800 'java/lang/invoke/LambdaForm$BMH+0x00000182941bb800'
Event: 2.338 Thread 0x00000182f3f84b10 Unloading class 0x00000182941bb400 'java/lang/invoke/LambdaForm$DMH+0x00000182941bb400'
Event: 2.338 Thread 0x00000182f3f84b10 Unloading class 0x00000182941ba000 'java/lang/invoke/LambdaForm$DMH+0x00000182941ba000'
Event: 6.105 Thread 0x00000182f3f84b10 Unloading class 0x00000182945f9400 'java/lang/invoke/LambdaForm$DMH+0x00000182945f9400'
Event: 6.105 Thread 0x00000182f3f84b10 Unloading class 0x00000182945f8c00 'java/lang/invoke/LambdaForm$DMH+0x00000182945f8c00'
Event: 6.105 Thread 0x00000182f3f84b10 Unloading class 0x00000182945f9000 'java/lang/invoke/LambdaForm$DMH+0x00000182945f9000'
Event: 6.105 Thread 0x00000182f3f84b10 Unloading class 0x00000182945f8400 'java/lang/invoke/LambdaForm$DMH+0x00000182945f8400'
Event: 8.463 Thread 0x00000182f3f84b10 Unloading class 0x00000182946c0000 'java/lang/invoke/LambdaForm$MH+0x00000182946c0000'
Event: 8.463 Thread 0x00000182f3f84b10 Unloading class 0x00000182946a5c00 'java/lang/invoke/LambdaForm$MH+0x00000182946a5c00'
Event: 8.463 Thread 0x00000182f3f84b10 Unloading class 0x00000182946a5800 'java/lang/invoke/LambdaForm$MH+0x00000182946a5800'
Event: 8.463 Thread 0x00000182f3f84b10 Unloading class 0x00000182946a5000 'java/lang/invoke/LambdaForm$MH+0x00000182946a5000'
Event: 8.463 Thread 0x00000182f3f84b10 Unloading class 0x00000182946a4c00 'java/lang/invoke/LambdaForm$MH+0x00000182946a4c00'
Event: 8.463 Thread 0x00000182f3f84b10 Unloading class 0x00000182946a4800 'java/lang/invoke/LambdaForm$MH+0x00000182946a4800'
Event: 8.463 Thread 0x00000182f3f84b10 Unloading class 0x00000182946a4000 'java/lang/invoke/LambdaForm$MH+0x00000182946a4000'

Classes redefined (0 events):
No events

Internal exceptions (20 events):
Event: 926.369 Thread 0x00000182d9516b00 Exception <a 'sun/nio/fs/WindowsException'{0x00000000d5621ff8}> (0x00000000d5621ff8) 
thrown [s\open\src\hotspot\share\prims\jni.cpp, line 520]
Event: 926.369 Thread 0x00000182d9516b00 Exception <a 'sun/nio/fs/WindowsException'{0x00000000d56228c0}> (0x00000000d56228c0) 
thrown [s\open\src\hotspot\share\prims\jni.cpp, line 520]
Event: 926.954 Thread 0x00000182de422b80 Exception <a 'sun/nio/fs/WindowsException'{0x00000000d5997380}> (0x00000000d5997380) 
thrown [s\open\src\hotspot\share\prims\jni.cpp, line 520]
Event: 949.515 Thread 0x00000182d9516b00 Exception <a 'sun/nio/fs/WindowsException'{0x00000000d55fc6f8}> (0x00000000d55fc6f8) 
thrown [s\open\src\hotspot\share\prims\jni.cpp, line 520]
Event: 951.796 Thread 0x00000182d8fd7030 Exception <a 'sun/nio/fs/WindowsException'{0x00000000d5ba6258}> (0x00000000d5ba6258) 
thrown [s\open\src\hotspot\share\prims\jni.cpp, line 520]
Event: 952.086 Thread 0x00000182d8fd7030 Exception <a 'sun/nio/fs/WindowsException'{0x00000000d574dc38}> (0x00000000d574dc38) 
thrown [s\open\src\hotspot\share\prims\jni.cpp, line 520]
Event: 954.285 Thread 0x00000182d8fd7030 Exception <a 'sun/nio/fs/WindowsException'{0x00000000d57660f8}> (0x00000000d57660f8) 
thrown [s\open\src\hotspot\share\prims\jni.cpp, line 520]
Event: 954.542 Thread 0x00000182d8fd7030 Exception <a 'sun/nio/fs/WindowsException'{0x00000000d56a40e0}> (0x00000000d56a40e0) 
thrown [s\open\src\hotspot\share\prims\jni.cpp, line 520]
Event: 956.186 Thread 0x00000182daf50150 Exception <a 'java/io/FileNotFoundException'{0x00000000d62377f8}> (0x00000000d62377f8) 
thrown [s\open\src\hotspot\share\prims\jni.cpp, line 520]
Event: 956.186 Thread 0x00000182daf50150 Exception <a 'java/io/FileNotFoundException'{0x00000000d623d368}> (0x00000000d623d368) 
thrown [s\open\src\hotspot\share\prims\jni.cpp, line 520]
Event: 956.187 Thread 0x00000182daf50150 Exception <a 'java/io/FileNotFoundException'{0x00000000d62446e8}> (0x00000000d62446e8) 
thrown [s\open\src\hotspot\share\prims\jni.cpp, line 520]
Event: 956.187 Thread 0x00000182daf50150 Exception <a 'sun/nio/fs/WindowsException'{0x00000000d6248328}> (0x00000000d6248328) 
thrown [s\open\src\hotspot\share\prims\jni.cpp, line 520]
Event: 960.310 Thread 0x00000182d8fd7030 Exception <a 'sun/nio/fs/WindowsException'{0x00000000d587ee48}> (0x00000000d587ee48) 
thrown [s\open\src\hotspot\share\prims\jni.cpp, line 520]
Event: 960.470 Thread 0x00000182d8fd7030 Exception <a 'sun/nio/fs/WindowsException'{0x00000000d5887ea0}> (0x00000000d5887ea0) 
thrown [s\open\src\hotspot\share\prims\jni.cpp, line 520]
Event: 1227.127 Thread 0x00000182d9515750 Exception <a 'sun/nio/fs/WindowsException'{0x00000000d5cfeb20}> (0x00000000d5cfeb20) 
thrown [s\open\src\hotspot\share\prims\jni.cpp, line 520]
Event: 1227.127 Thread 0x00000182d9515750 Exception <a 'sun/nio/fs/WindowsException'{0x00000000d5cff3e8}> (0x00000000d5cff3e8) 
thrown [s\open\src\hotspot\share\prims\jni.cpp, line 520]
Event: 1238.519 Thread 0x00000182d8fd7030 Exception <a 'sun/nio/fs/WindowsException'{0x00000000d56a9c60}> (0x00000000d56a9c60) 
thrown [s\open\src\hotspot\share\prims\jni.cpp, line 520]
Event: 1238.551 Thread 0x00000182de0dcc60 Implicit null exception at 0x000001828928ade6 to 0x000001828928d0c0
Event: 1238.725 Thread 0x00000182d8fd7030 Exception <a 'sun/nio/fs/WindowsException'{0x00000000d559d410}> (0x00000000d559d410) 
thrown [s\open\src\hotspot\share\prims\jni.cpp, line 520]
Event: 1240.900 Thread 0x00000182d8fd7030 Exception <a 'sun/nio/fs/WindowsException'{0x00000000d55ac610}> (0x00000000d55ac610) 
thrown [s\open\src\hotspot\share\prims\jni.cpp, line 520]

ZGC Phase Switch (0 events):
No events

VM Operations (20 events):
Event: 1241.023 Executing VM operation: ParallelGCFailedAllocation (Allocation Failure) done
Event: 1241.024 Executing VM operation: ParallelGCFailedAllocation (Allocation Failure)
Event: 1241.025 Executing VM operation: ParallelGCFailedAllocation (Allocation Failure) done
Event: 1241.026 Executing VM operation: ParallelGCFailedAllocation (Allocation Failure)
Event: 1241.026 Executing VM operation: ParallelGCFailedAllocation (Allocation Failure) done
Event: 1241.027 Executing VM operation: ParallelGCFailedAllocation (Allocation Failure)
Event: 1241.028 Executing VM operation: ParallelGCFailedAllocation (Allocation Failure) done
Event: 1241.031 Executing VM operation: ParallelGCFailedAllocation (Allocation Failure)
Event: 1241.032 Executing VM operation: ParallelGCFailedAllocation (Allocation Failure) done
Event: 1241.035 Executing VM operation: ParallelGCFailedAllocation (Allocation Failure)
Event: 1241.036 Executing VM operation: ParallelGCFailedAllocation (Allocation Failure) done
Event: 1241.037 Executing VM operation: ParallelGCFailedAllocation (Allocation Failure)
Event: 1241.039 Executing VM operation: ParallelGCFailedAllocation (Allocation Failure) done
Event: 1241.041 Executing VM operation: ParallelGCFailedAllocation (Allocation Failure)
Event: 1241.042 Executing VM operation: ParallelGCFailedAllocation (Allocation Failure) done
Event: 1241.044 Executing VM operation: ParallelGCFailedAllocation (Allocation Failure)
Event: 1241.045 Executing VM operation: ParallelGCFailedAllocation (Allocation Failure) done
Event: 1241.053 Executing VM operation: ParallelGCFailedAllocation (Allocation Failure)
Event: 1241.056 Executing VM operation: ParallelGCFailedAllocation (Allocation Failure) done
Event: 1241.061 Executing VM operation: ParallelGCFailedAllocation (Allocation Failure)

Events (20 events):
Event: 1238.691 Thread 0x00000182d9512ff0 Thread added: 0x00000182d9512ff0
Event: 1238.760 Thread 0x00000182d9516b00 Thread added: 0x00000182d9516b00
Event: 1240.963 Thread 0x00000182f3f84b10 flushing nmethod 0x00000182887c6e10
Event: 1240.963 Thread 0x00000182f3f84b10 flushing nmethod 0x0000018288cee910
Event: 1240.963 Thread 0x00000182f3f84b10 flushing nmethod 0x000001828002a490
Event: 1240.963 Thread 0x00000182f3f84b10 flushing nmethod 0x0000018280285b10
Event: 1240.963 Thread 0x00000182f3f84b10 flushing nmethod 0x00000182802d6d90
Event: 1240.963 Thread 0x00000182f3f84b10 flushing nmethod 0x0000018280734090
Event: 1240.963 Thread 0x00000182f3f84b10 flushing nmethod 0x00000182807e7910
Event: 1240.963 Thread 0x00000182f3f84b10 flushing nmethod 0x0000018280814490
Event: 1240.963 Thread 0x00000182f3f84b10 flushing nmethod 0x0000018280af9010
Event: 1240.963 Thread 0x00000182f3f84b10 flushing nmethod 0x0000018280b46410
Event: 1240.963 Thread 0x00000182f3f84b10 flushing nmethod 0x0000018280e85010
Event: 1240.963 Thread 0x00000182f3f84b10 flushing nmethod 0x0000018280fee090
Event: 1240.963 Thread 0x00000182f3f84b10 flushing nmethod 0x000001828111cc90
Event: 1240.963 Thread 0x00000182f3f84b10 flushing nmethod 0x0000018281153d90
Event: 1240.963 Thread 0x00000182f3f84b10 flushing nmethod 0x00000182815cc210
Event: 1240.963 Thread 0x00000182f3f84b10 flushing nmethod 0x0000018281993d10
Event: 1240.963 Thread 0x00000182f3f84b10 flushing nmethod 0x0000018281f52c90
Event: 1240.963 Thread 0x00000182f3f84b10 flushing nmethod 0x0000018282018c10


Dynamic libraries:
0x00007ff7670b0000 - 0x00007ff7670c0000 	C:\Program Files\Java\jdk-21\bin\java.exe
0x00007ffca9400000 - 0x00007ffca9668000 	C:\WINDOWS\SYSTEM32\ntdll.dll
0x00007ffca7460000 - 0x00007ffca7529000 	C:\WINDOWS\System32\KERNEL32.DLL
0x00007ffca6dd0000 - 0x00007ffca71c2000 	C:\WINDOWS\System32\KERNELBASE.dll
0x00007ffca6940000 - 0x00007ffca6a8b000 	C:\WINDOWS\System32\ucrtbase.dll
0x00007ffc8fa10000 - 0x00007ffc8fa2b000 	C:\Program Files\Java\jdk-21\bin\VCRUNTIME140.dll
0x00007ffc8f9f0000 - 0x00007ffc8fa09000 	C:\Program Files\Java\jdk-21\bin\jli.dll
0x00007ffca8c70000 - 0x00007ffca8d24000 	C:\WINDOWS\System32\ADVAPI32.dll
0x00007ffca7cb0000 - 0x00007ffca7d59000 	C:\WINDOWS\System32\msvcrt.dll
0x00007ffca92b0000 - 0x00007ffca9356000 	C:\WINDOWS\System32\sechost.dll
0x00007ffca7d60000 - 0x00007ffca7e78000 	C:\WINDOWS\System32\RPCRT4.dll
0x00007ffca8420000 - 0x00007ffca85e5000 	C:\WINDOWS\System32\USER32.dll
0x00007ffca6910000 - 0x00007ffca6937000 	C:\WINDOWS\System32\win32u.dll
0x00007ffca7530000 - 0x00007ffca755b000 	C:\WINDOWS\System32\GDI32.dll
0x00007ffca5730000 - 0x00007ffca59c3000 	C:\WINDOWS\WinSxS\amd64_microsoft.windows.common-controls_6595b64144ccf1df_6.0.26100.6899_none_3e0efeeae32e88c1\COMCTL32.dll
0x00007ffca6ca0000 - 0x00007ffca6dcd000 	C:\WINDOWS\System32\gdi32full.dll
0x00007ffca6590000 - 0x00007ffca6633000 	C:\WINDOWS\System32\msvcp_win.dll
0x00007ffc9af60000 - 0x00007ffc9af6b000 	C:\WINDOWS\SYSTEM32\VERSION.dll
0x00007ffca80b0000 - 0x00007ffca80df000 	C:\WINDOWS\System32\IMM32.DLL
0x00007ffc8f9e0000 - 0x00007ffc8f9ec000 	C:\Program Files\Java\jdk-21\bin\vcruntime140_1.dll
0x00007ffc821d0000 - 0x00007ffc8225e000 	C:\Program Files\Java\jdk-21\bin\msvcp140.dll
0x00007ffc65630000 - 0x00007ffc6634a000 	C:\Program Files\Java\jdk-21\bin\server\jvm.dll
0x00007ffca9230000 - 0x00007ffca92a4000 	C:\WINDOWS\System32\WS2_32.dll
0x00007ffc9f0a0000 - 0x00007ffc9f0d5000 	C:\WINDOWS\SYSTEM32\WINMM.dll
0x00007ffca5e00000 - 0x00007ffca5e5e000 	C:\WINDOWS\SYSTEM32\POWRPROF.dll
0x00007ffca5cd0000 - 0x00007ffca5ce4000 	C:\WINDOWS\SYSTEM32\UMPDC.dll
0x00007ffca4a20000 - 0x00007ffca4a3b000 	C:\WINDOWS\SYSTEM32\kernel.appcore.dll
0x00007ffc8f9d0000 - 0x00007ffc8f9da000 	C:\Program Files\Java\jdk-21\bin\jimage.dll
0x00007ffca5e70000 - 0x00007ffca60b2000 	C:\WINDOWS\SYSTEM32\DBGHELP.DLL
0x00007ffca88f0000 - 0x00007ffca8c6b000 	C:\WINDOWS\System32\combase.dll
0x00007ffca82b0000 - 0x00007ffca8387000 	C:\WINDOWS\System32\OLEAUT32.dll
0x00007ffca5cf0000 - 0x00007ffca5d2c000 	C:\WINDOWS\SYSTEM32\dbgcore.DLL
0x00007ffca6a90000 - 0x00007ffca6b28000 	C:\WINDOWS\System32\bcryptPrimitives.dll
0x00007ffc8fa50000 - 0x00007ffc8fa5f000 	C:\Program Files\Java\jdk-21\bin\instrument.dll
0x00007ffc8f9b0000 - 0x00007ffc8f9cf000 	C:\Program Files\Java\jdk-21\bin\java.dll
0x00007ffca7560000 - 0x00007ffca7cad000 	C:\WINDOWS\System32\SHELL32.dll
0x00007ffca6b30000 - 0x00007ffca6c9b000 	C:\WINDOWS\System32\wintypes.dll
0x00007ffca38d0000 - 0x00007ffca412d000 	C:\WINDOWS\SYSTEM32\windows.storage.dll
0x00007ffca85f0000 - 0x00007ffca86e2000 	C:\WINDOWS\System32\SHCORE.dll
0x00007ffca8880000 - 0x00007ffca88e2000 	C:\WINDOWS\System32\shlwapi.dll
0x00007ffca64b0000 - 0x00007ffca64d9000 	C:\WINDOWS\SYSTEM32\profapi.dll
0x00007ffc81530000 - 0x00007ffc81607000 	C:\Program Files\Java\jdk-21\bin\jsvml.dll
0x00007ffc8f740000 - 0x00007ffc8f758000 	C:\Program Files\Java\jdk-21\bin\zip.dll
0x00007ffc8f9a0000 - 0x00007ffc8f9b0000 	C:\Program Files\Java\jdk-21\bin\net.dll
0x00007ffc9f170000 - 0x00007ffc9f28f000 	C:\WINDOWS\SYSTEM32\WINHTTP.dll
0x00007ffca4f90000 - 0x00007ffca4ffb000 	C:\WINDOWS\system32\mswsock.dll
0x00007ffc8f760000 - 0x00007ffc8f776000 	C:\Program Files\Java\jdk-21\bin\nio.dll
0x00007ffc8f990000 - 0x00007ffc8f9a0000 	C:\Program Files\Java\jdk-21\bin\verify.dll
0x00007ffc7c5c0000 - 0x00007ffc7c604000 	C:\Users\User\AppData\Roaming\Code\User\globalStorage\redhat.java\1.46.0\config_win\org.eclipse.equinox.launcher\org.eclipse.equinox.launcher.win32.win32.x86_64_1.2.1400.v20250801-0854\eclipse_11916.dll
0x00007ffca7e80000 - 0x00007ffca8018000 	C:\WINDOWS\System32\ole32.dll
0x00007ffca61e0000 - 0x00007ffca61fb000 	C:\WINDOWS\SYSTEM32\CRYPTSP.dll
0x00007ffca5430000 - 0x00007ffca546b000 	C:\WINDOWS\system32\rsaenh.dll
0x00007ffca5000000 - 0x00007ffca502b000 	C:\WINDOWS\SYSTEM32\USERENV.dll
0x00007ffca6480000 - 0x00007ffca64a6000 	C:\WINDOWS\SYSTEM32\bcrypt.dll
0x00007ffca5420000 - 0x00007ffca542c000 	C:\WINDOWS\SYSTEM32\CRYPTBASE.dll
0x00007ffca4610000 - 0x00007ffca4644000 	C:\WINDOWS\SYSTEM32\IPHLPAPI.DLL
0x00007ffca8d30000 - 0x00007ffca8d3a000 	C:\WINDOWS\System32\NSI.dll
0x00007ffc602c0000 - 0x00007ffc60309000 	C:\Users\User\AppData\Local\Temp\jna-2645995\jna12474429992334064178.dll
0x00007ffca9220000 - 0x00007ffca9228000 	C:\WINDOWS\System32\PSAPI.DLL
0x00007ffc9f4e0000 - 0x00007ffc9f4fe000 	C:\WINDOWS\SYSTEM32\dhcpcsvc6.DLL
0x00007ffc9f340000 - 0x00007ffc9f363000 	C:\WINDOWS\SYSTEM32\dhcpcsvc.DLL
0x00007ffca5dc0000 - 0x00007ffca5df6000 	C:\WINDOWS\SYSTEM32\ntmarta.dll

dbghelp: loaded successfully - version: 4.0.5 - missing functions: none
symbol engine: initialized successfully - sym options: 0x614 - pdb path: .;C:\Program Files\Java\jdk-21\bin;C:\WINDOWS\SYSTEM32;C:\WINDOWS\WinSxS\amd64_microsoft.windows.common-controls_6595b64144ccf1df_6.0.26100.6899_none_3e0efeeae32e88c1;C:\Program Files\Java\jdk-21\bin\server;C:\Users\User\AppData\Roaming\Code\User\globalStorage\redhat.java\1.46.0\config_win\org.eclipse.equinox.launcher\org.eclipse.equinox.launcher.win32.win32.x86_64_1.2.1400.v20250801-0854;C:\Users\User\AppData\Local\Temp\jna-2645995

VM Arguments:
jvm_args: --add-modules=ALL-SYSTEM --add-opens=java.base/java.util=ALL-UNNAMED --add-opens=java.base/java.lang=ALL-UNNAMED --add-opens=java.base/sun.nio.fs=ALL-UNNAMED -Declipse.application=org.eclipse.jdt.ls.core.id1 -Dosgi.bundles.defaultStartLevel=4 -Declipse.product=org.eclipse.jdt.ls.core.product -Djava.import.generatesMetadataFilesAtProjectRoot=false -DDetectVMInstallationsJob.disabled=true -Dfile.encoding=utf8 -XX:+UseParallelGC -XX:GCTimeRatio=4 -XX:AdaptiveSizePolicyWeight=90 -Dsun.zip.disableMemoryMapping=true -Xmx2G -Xms100m -Xlog:disable -javaagent:c:\Users\User\.vscode\extensions\redhat.java-1.46.0-win32-x64\lombok\lombok-1.18.39-4050.jar -XX:+HeapDumpOnOutOfMemoryError -XX:HeapDumpPath=c:\Users\User\AppData\Roaming\Code\User\workspaceStorage\c5b6bbad9deb43bc9591b67d66ee65fe\redhat.java -Daether.dependencyCollector.impl=bf 
java_command: c:\Users\User\.vscode\extensions\redhat.java-1.46.0-win32-x64\server\plugins\org.eclipse.equinox.launcher_1.7.0.v20250519-0528.jar -configuration c:\Users\User\AppData\Roaming\Code\User\globalStorage\redhat.java\1.46.0\config_win -data c:\Users\User\AppData\Roaming\Code\User\workspaceStorage\c5b6bbad9deb43bc9591b67d66ee65fe\redhat.java\jdt_ws --pipe=\\.\pipe\lsp-2a2366cc7a9f45971055bdcf17bdd7ba-sock
java_class_path (initial): c:\Users\User\.vscode\extensions\redhat.java-1.46.0-win32-x64\server\plugins\org.eclipse.equinox.launcher_1.7.0.v20250519-0528.jar
Launcher Type: SUN_STANDARD

[Global flags]
    uintx AdaptiveSizePolicyWeight                 = 90                                        {product} {command line}
     intx CICompilerCount                          = 12                                        {product} {ergonomic}
    uintx GCTimeRatio                              = 4                                         {product} {command line}
     bool HeapDumpOnOutOfMemoryError               = true                                   {manageable} {command line}
    ccstr HeapDumpPath                             = c:\Users\User\AppData\Roaming\Code\User\workspaceStorage\c5b6bbad9deb43bc9591b67d66ee65fe\redhat.java         {manageable} {command line}
   size_t InitialHeapSize                          = 104857600                                 {product} {command line}
   size_t MaxHeapSize                              = 2147483648                                {product} {command line}
   size_t MaxNewSize                               = 715653120                                 {product} {ergonomic}
   size_t MinHeapDeltaBytes                        = 524288                                    {product} {ergonomic}
   size_t MinHeapSize                              = 104857600                                 {product} {command line}
   size_t NewSize                                  = 34603008                                  {product} {ergonomic}
    uintx NonNMethodCodeHeapSize                   = 7602480                                {pd product} {ergonomic}
    uintx NonProfiledCodeHeapSize                  = 122027880                              {pd product} {ergonomic}
   size_t OldSize                                  = 70254592                                  {product} {ergonomic}
    uintx ProfiledCodeHeapSize                     = 122027880                              {pd product} {ergonomic}
    uintx ReservedCodeCacheSize                    = 251658240                              {pd product} {ergonomic}
     bool SegmentedCodeCache                       = true                                      {product} {ergonomic}
   size_t SoftMaxHeapSize                          = 2147483648                             {manageable} {ergonomic}
     bool UseCompressedOops                        = true                           {product lp64_product} {ergonomic}
     bool UseLargePagesIndividualAllocation        = false                                  {pd product} {ergonomic}
     bool UseParallelGC                            = true                                      {product} {command line}

Logging:
Log output configuration:
 #0: stdout all=off uptime,level,tags foldmultilines=false
 #1: stderr all=off uptime,level,tags foldmultilines=false

Environment Variables:
JAVA_HOME=C:\Program Files\Java\jdk-21
PATH=C:\Program Files\Common Files\Oracle\Java\javapath;C:\WINDOWS\system32;C:\WINDOWS;C:\WINDOWS\System32\Wbem;C:\WINDOWS\System32\WindowsPowerShell\v1.0\;C:\WINDOWS\System32\OpenSSH\;C:\Program Files\dotnet\;C:\Program Files (x86)\NVIDIA Corporation\PhysX\Common;C:\Program Files\nodejs\;C:\Program Files\Git\cmd;C:\Program Files\Docker\Docker\resources\bin;C:\Supabase;C:\Program Files\MySQL\MySQL Shell 8.0\bin\;C:\Users\User\AppData\Local\Microsoft\WindowsApps;C:\Program Files\Java\jdk-21\bin;C:\Program Files\Maven\apache-maven-3.9.11\bin;C:\Users\User\AppData\Roaming\npm;C:\Users\User\.dotnet\tools;C:\Supabase;C:\Users\User\AppData\Local\Programs\Microsoft VS Code\bin
USERNAME=User
OS=Windows_NT
PROCESSOR_IDENTIFIER=Intel64 Family 6 Model 183 Stepping 1, GenuineIntel
TMP=C:\Users\User\AppData\Local\Temp
TEMP=C:\Users\User\AppData\Local\Temp




Periodic native trim disabled

---------------  S Y S T E M  ---------------

OS:
 Windows 11 , 64 bit Build 26100 (10.0.26100.6725)
OS uptime: 0 days 15:03 hours
Hyper-V role detected

CPU: total 16 (initial active 16) (8 cores per cpu, 2 threads per core) family 6 model 183 stepping 1 microcode 0x12c, cx8, cmov, fxsr, ht, mmx, 3dnowpref, sse, sse2, sse3, ssse3, sse4.1, sse4.2, popcnt, lzcnt, tsc, tscinvbit, avx, avx2, aes, erms, clmul, bmi1, bmi2, adx, sha, fma, vzeroupper, clflush, clflushopt, clwb, hv, serialize, rdtscp, rdpid, fsrm, f16c, cet_ibt, cet_ss
Processor Information for processor 0
  Max Mhz: 2400, Current Mhz: 2400, Mhz Limit: 2400
Processor Information for processor 1
  Max Mhz: 2400, Current Mhz: 2400, Mhz Limit: 2400
Processor Information for processor 2
  Max Mhz: 2400, Current Mhz: 2400, Mhz Limit: 2400
Processor Information for processor 3
  Max Mhz: 2400, Current Mhz: 2400, Mhz Limit: 2400
Processor Information for processor 4
  Max Mhz: 2400, Current Mhz: 2400, Mhz Limit: 2400
Processor Information for processor 5
  Max Mhz: 2400, Current Mhz: 2400, Mhz Limit: 2400
Processor Information for processor 6
  Max Mhz: 2400, Current Mhz: 2400, Mhz Limit: 2400
Processor Information for processor 7
  Max Mhz: 2400, Current Mhz: 2400, Mhz Limit: 2400
Processor Information for processor 8
  Max Mhz: 2400, Current Mhz: 2400, Mhz Limit: 2400
Processor Information for processor 9
  Max Mhz: 2400, Current Mhz: 2400, Mhz Limit: 2400
Processor Information for processor 10
  Max Mhz: 2400, Current Mhz: 2400, Mhz Limit: 2400
Processor Information for processor 11
  Max Mhz: 2400, Current Mhz: 2400, Mhz Limit: 2400
Processor Information for processor 12
  Max Mhz: 2400, Current Mhz: 2400, Mhz Limit: 2400
Processor Information for processor 13
  Max Mhz: 2400, Current Mhz: 1466, Mhz Limit: 2400
Processor Information for processor 14
  Max Mhz: 2400, Current Mhz: 1466, Mhz Limit: 2400
Processor Information for processor 15
  Max Mhz: 2400, Current Mhz: 2400, Mhz Limit: 2400

Memory: 4k page, system-wide physical 24260M (6239M free)
TotalPageFile size 28612M (AvailPageFile size 4628M)
current process WorkingSet (physical memory assigned to process): 615M, peak: 699M
current process commit charge ("private bytes"): 673M, peak: 791M

vm_info: Java HotSpot(TM) 64-Bit Server VM (21.0.7+8-LTS-245) for windows-amd64 JRE (21.0.7+8-LTS-245), built on 2025-02-21T05:11:27Z by "mach5one" with MS VC++ 17.6 (VS2022)

END.
